[00:52:35.351] [INFO] Storybook Upgrade - v9.1.19
[00:52:35.373] [INFO] detect-projects-spinner-start: Detecting projects...
[00:52:35.375] [DEBUG] Finding Storybook projects...
[00:52:35.415] [DEBUG] Found 1 Storybook projects
[00:52:35.416] [INFO] detect-projects-spinner: Detecting projects: 1 projects
[00:52:35.416] [DEBUG] Getting Storybook data...
[00:52:35.416] [DEBUG] Getting Storybook info...
[00:52:35.417] [DEBUG] Loading main config...
[00:52:35.499] [DEBUG] Getting stories paths...
[00:52:35.522] [DEBUG] Getting package manager...
[00:52:35.854] [DEBUG] Getting Storybook version...
[00:52:35.855] [DEBUG] /.storybook - Validating before version... 9.1.19
[00:52:35.855] [DEBUG] /.storybook - Validating upgrade compatibility...
[00:52:35.855] [DEBUG] /.storybook - Fetching NPM version information...
[00:52:35.855] [DEBUG] Getting CLI versions from NPM for storybook...
[00:52:35.861] [DEBUG] Getting CLI versions from NPM for storybook@next...
[00:52:36.485] [DEBUG] /.storybook - Evaluating blockers...
[00:52:36.487] [DEBUG] Getting installed version for @storybook/experimental-addon-test...
[00:52:37.116] [DEBUG] An issue occurred while trying to find dependencies metadata using npm.
[00:52:37.116] [INFO] detect-projects-spinner-stop: 1 project detected
[00:52:37.117] [DEBUG] Found 1 valid projects and 0 error projects
[00:52:37.117] [INFO] Upgrading from 9.1.19 to 9.1.19
[00:52:37.127] [INFO] upgrade-dependencies-task-start: Fetching versions to update package.json files..
[00:52:37.127] [DEBUG] Updating dependencies in /.storybook...
[00:52:37.135] [INFO] upgrade-dependencies-task: /package.json
[00:52:37.136] [DEBUG] {
  "upgradedDependencies": []
}
[00:52:37.136] [DEBUG] {
  "upgradedDevDependencies": [
    "@storybook/addon-links@9.1.19",
    "@storybook/addon-onboarding@9.1.19",
    "@storybook/react@9.1.19",
    "@storybook/react-vite@9.1.19",
    "storybook@9.1.19"
  ]
}
[00:52:37.136] [DEBUG] {
  "upgradedPeerDependencies": []
}
[00:52:37.137] [DEBUG] Getting CLI versions from NPM for @storybook/addon-links...
[00:52:37.615] [DEBUG] Getting CLI versions from NPM for @storybook/addon-onboarding...
[00:52:38.024] [DEBUG] Getting CLI versions from NPM for @storybook/react...
[00:52:38.526] [DEBUG] Getting CLI versions from NPM for @storybook/react-vite...
[00:52:38.953] [DEBUG] Using cached version for storybook...
[00:52:38.953] [INFO] upgrade-dependencies-task-success: Updated package versions in package.json files
[00:52:38.954] [INFO] detect-automigrations-task-start: Detecting automigrations...
[00:52:38.954] [DEBUG] Starting automigration collection across 1 projects and 16 fixes...
[00:52:38.964] [INFO] detect-automigrations-task: Checking automigrations for /.storybook...
[00:52:38.964] [DEBUG] Processing project: /.storybook
[00:52:38.964] [DEBUG] Checking fix eslintPlugin for project /.storybook...
[00:52:38.969] [DEBUG] Checking fix addon-mdx-gfm-remove for project /.storybook...
[00:52:38.969] [DEBUG] Checking fix addon-storysource-code-panel for project /.storybook...
[00:52:38.970] [DEBUG] Checking fix upgrade-storybook-related-dependencies for project /.storybook...
[00:52:38.970] [DEBUG] Checking for incompatible storybook packages...
[00:52:38.971] [DEBUG] Getting installed version for @storybook/addon-essentials...
[00:52:38.975] [DEBUG] Getting installed version for @storybook/addon-interactions...
[00:52:38.979] [DEBUG] Getting installed version for @storybook/blocks...
[00:52:38.984] [DEBUG] Getting installed version for @storybook/test...
[00:52:38.989] [DEBUG] Getting installed version for storybook-dark-mode...
[00:52:40.269] [DEBUG] An issue occurred while trying to find dependencies metadata using npm.
[00:52:40.269] [DEBUG] Getting CLI versions from NPM for storybook-dark-mode...
[00:52:40.303] [DEBUG] An issue occurred while trying to find dependencies metadata using npm.
[00:52:40.303] [DEBUG] Getting CLI versions from NPM for @storybook/addon-essentials...
[00:52:40.439] [DEBUG] An issue occurred while trying to find dependencies metadata using npm.
[00:52:40.439] [DEBUG] Getting CLI versions from NPM for @storybook/blocks...
[00:52:40.450] [DEBUG] An issue occurred while trying to find dependencies metadata using npm.
[00:52:40.451] [DEBUG] Getting CLI versions from NPM for @storybook/addon-interactions...
[00:52:40.501] [DEBUG] An issue occurred while trying to find dependencies metadata using npm.
[00:52:40.501] [DEBUG] Getting CLI versions from NPM for @storybook/test...
[00:52:41.263] [DEBUG] Checking fix initial-globals for project /.storybook...
[00:52:41.284] [DEBUG] Checking fix addon-globals-api for project /.storybook...
[00:52:41.287] [DEBUG] Checking fix addon-a11y-addon-test for project /.storybook...
[00:52:41.288] [DEBUG] Checking fix consolidated-imports for project /.storybook...
[00:52:41.288] [DEBUG] Checking fix addon-experimental-test for project /.storybook...
[00:52:41.288] [DEBUG] Using cached installed version for @storybook/experimental-addon-test...
[00:52:41.288] [DEBUG] Checking fix rnstorybook-config for project /.storybook...
[00:52:41.288] [DEBUG] Checking fix remove-addon-interactions for project /.storybook...
[00:52:41.289] [DEBUG] Checking fix renderer-to-framework for project /.storybook...
[00:52:41.289] [DEBUG] Checking fix remove-essential-addons for project /.storybook...
[00:52:41.289] [DEBUG] Checking fix addon-a11y-parameters for project /.storybook...
[00:52:41.290] [DEBUG] Checking fix remove-docs-autodocs for project /.storybook...
[00:52:41.292] [DEBUG] Checking fix wrap-require for project /.storybook...
[00:52:41.303] [INFO] detect-automigrations-task: 
Automigrations detected:
[00:52:41.311] [INFO] detect-automigrations-task: ✔ consolidated-imports
[00:52:41.319] [INFO] detect-automigrations-task: ✔ remove-addon-interactions
[00:52:41.327] [INFO] detect-automigrations-task: ✔ renderer-to-framework
[00:52:41.334] [INFO] detect-automigrations-task: ✔ remove-essential-addons
[00:52:41.334] [INFO] detect-automigrations-task-success: 4 automigration(s) detected
[00:52:41.335] [INFO] Running all detected automigrations:
[00:52:41.343] [INFO]   - consolidated-imports (/.storybook)
[00:52:41.350] [INFO]   - remove-addon-interactions (/.storybook)
[00:52:41.358] [INFO]   - renderer-to-framework (/.storybook)
[00:52:41.365] [INFO]   - remove-essential-addons (/.storybook)
[00:52:41.374] [INFO] automigrate-/.storybook-task-start: Running automigrations for /.storybook
[00:52:41.390] [INFO] automigrate-/.storybook-task: ✔ consolidated-imports
[00:52:41.394] [DEBUG] Uninstalling @storybook/addon-interactions
[00:52:41.395] [DEBUG] Removing '@storybook/addon-interactions' from main.js addons field.
[00:52:41.410] [INFO] automigrate-/.storybook-task: ✔ remove-addon-interactions
[00:52:41.410] [DEBUG] 
Migrating @storybook/react to @storybook/react-vite
[00:52:41.415] [DEBUG] Updating package.json files...
[00:52:41.423] [INFO] automigrate-/.storybook-task: ✔ renderer-to-framework
[00:52:41.426] [DEBUG] Uninstalling @storybook/addon-essentials
[00:52:41.427] [DEBUG] Removing '@storybook/addon-essentials' from main.js addons field.
[00:52:41.434] [DEBUG] Getting Storybook info...
[00:52:41.435] [DEBUG] Loading main config...
[00:52:41.440] [DEBUG] Getting stories paths...
[00:52:41.440] [DEBUG] Getting package manager...
[00:52:41.443] [DEBUG] Getting Storybook version...
[00:52:41.454] [INFO] automigrate-/.storybook-task: Verifying @storybook/addon-docs
[00:52:41.462] [INFO] automigrate-/.storybook-task: Installing @storybook/addon-docs@9.1.19
[00:52:41.462] [DEBUG] Getting CLI versions from NPM for @storybook/addon-docs...
[00:52:42.133] [INFO] automigrate-/.storybook-task: Adding '@storybook/addon-docs' to the "addons" field in
/home/runner/work/glowing-telegram-video-editor/glowing-telegram-video-editor/.storybook/main.ts
[00:52:42.151] [INFO] automigrate-/.storybook-task: ✔ remove-essential-addons
[00:52:42.151] [INFO] automigrate-/.storybook-task-success: Completed automigrations for /.storybook
[00:52:42.152] [INFO] Installing dependencies...
[00:52:42.152] [INFO] install-dependencies-task-start: Installing dependencies...
[00:53:00.985] [INFO] added 401 packages, and audited 402 packages in 19s
[00:53:00.995] [INFO] install-dependencies-task: added 401 packages, and audited 402 packages in 19s
[00:53:00.995] [INFO] 103 packages are looking for funding
  run `npm fund` for details

2 high severity vulnerabilities

To address all issues, run:
  npm audit fix

Run `npm audit` for details.
[00:53:01.003] [INFO] install-dependencies-task: 103 packages are looking for funding
run `npm fund` for details

2 high severity vulnerabilities

To address all issues, run:
npm audit fix

Run `npm audit` for details.
[00:53:01.035] [INFO] Dependencies installed
[00:53:01.035] [INFO] install-dependencies-task-success: Dependencies installed
[00:53:01.036] [INFO] Checking the health of your project(s)..
[00:53:01.958] [WARN] /.storybook: 1 issue found
[00:53:01.968] [INFO] You are currently using Storybook 9.1.19 but you have packages which are incompatible with it:

- @chromatic-com/storybook@3.2.6 which depends on ^8.2.0 || ^8.3.0-0 || ^8.4.0-0 || ^8.5.0-0 || ^8.6.0-0
- storybook-dark-mode@4.0.2 which depends on ^8.0.0

Please consider updating your packages or contacting the maintainers for compatibility details.

For more on Storybook 9 compatibility, see the linked GitHub issue:
https://github.com/storybookjs/storybook/issues/30944
[00:53:01.968] [INFO] Incompatible Packages
[00:53:01.975] [INFO] You are currently using Storybook 9.1.19 but you have packages which are incompatible with it:

- @chromatic-com/storybook@3.2.6 which depends on ^8.2.0 || ^8.3.0-0 || ^8.4.0-0 || ^8.5.0-0 || ^8.6.0-0
- storybook-dark-mode@4.0.2 which depends on ^8.0.0

Please consider updating your packages or contacting the maintainers for compatibility details.

For more on Storybook 9 compatibility, see the linked GitHub issue:
https://github.com/storybookjs/storybook/issues/30944
[00:53:01.983] [INFO] Storybook doctor is complete!
[00:53:01.991] [INFO] You can always recheck the health of your project(s) by running:
npx storybook doctor
[00:53:01.999] [INFO] The upgrade is complete!
[00:53:02.007] [INFO] Your project(s) have been upgraded successfully, but some issues were found which need your attention, please check Storybook doctor logs above.
[00:53:02.043] [INFO] If you want to learn more about the automigrations that executed in your project(s), please check the following links:

• consolidated-imports
• remove-addon-interactions
• renderer-to-framework
• remove-essential-addons
[00:53:02.051] [INFO] For a full list of changes, please check our migration guide: https://storybook.js.org/docs/migration-guide?ref=upgrade
[00:53:02.061] [INFO] Attention: Storybook now collects completely anonymous telemetry regarding usage. This information is used to shape Storybook's roadmap and prioritize features.
[00:53:02.071] [INFO] You can learn more, including how to opt-out if you'd not like to participate in this anonymous program, by visiting the following URL:
[00:53:02.079] [INFO] https://storybook.js.org/telemetry
[00:53:02.088] [INFO] 